08/17/23 02:33:27 | <show>: id:'603536884760838144'
08/17/23 13:54:18 | <show>: id:'603536884760838144'
08/18/23 12:18:25 | <add>: id:'593138673248108575' diff:'['Hard']' raid:'['FrontierDefense']' maps:'['Crater', 'ShipGraveyard', 'Fortress', 'ChemicalPlant', 'Bridge']' factions:'['Lunatics', 'FireStarters', 'Nomads', 'DawnsChildren']'
08/18/23 12:18:56 | <add>: id:'593138673248108575' diff:'['Hard']' raid:'['FrontierDefense']' maps:'['RockCity', 'ShipGraveyard', 'Fortress', 'Crater', 'ChemicalPlant', 'Bridge']' factions:'['Lunatics', 'FireStarters', 'Nomads', 'DawnsChildren', 'Scavengers', 'Steppenwolfs']'
08/18/23 12:19:23 | <add>: id:'593138673248108575' diff:'['Mid']' raid:'['FrontierDefense']' maps:'['Bridge', 'ChemicalPlant', 'Crater', 'Fortress', 'ShipGraveyard', 'RockCity']' factions:'['Steppenwolfs', 'Scavengers', 'DawnsChildren', 'Nomads', 'FireStarters', 'Lunatics']'
08/18/23 12:22:07 | <delete>: choice:'['43']'
08/18/23 14:10:29 | <add>: id:'1067896083855986861' diff:'['Mid']' raid:'['PerimeterBreach']' maps:'['LostCoast']' factions:'['Steppenwolfs', 'DawnsChildren', 'Scavengers', 'FireStarters', 'Nomads']'
08/18/23 21:12:43 | <add>: id:'150681331221659648' diff:'['Easy']' raid:'['SteelCradle']' maps:'['Factory', 'WrathOfKhan', 'ShipGraveyard', 'ChemicalPlant']' factions:'['Scavengers', 'Nomads', 'Lunatics']'
08/18/23 21:15:50 | <add>: id:'150681331221659648' diff:'['Mid']' raid:'['SteelCradle']' maps:'['Factory', 'ChemicalPlant', 'WrathOfKhan', 'ShipGraveyard']' factions:'['Scavengers', 'DawnsChildren', 'Nomads', 'Lunatics', 'FireStarters']'
08/18/23 21:16:23 | <add>: id:'150681331221659648' diff:'['Hard']' raid:'['SteelCradle']' maps:'['ShipGraveyard', 'WrathOfKhan', 'Factory', 'ChemicalPlant']' factions:'['Scavengers', 'DawnsChildren', 'Nomads', 'FireStarters', 'Lunatics']'
08/18/23 21:16:29 | <show>: id:'150681331221659648'
08/18/23 22:33:18 | <choose_channel>: guild_id:'1129037917294186547' channel_id:'1142176161317802184'
08/18/23 22:43:05 | <choose_channel>: guild_id:'1129037917294186547' channel_id:'1142176161317802184'
08/18/23 22:43:55 | <show>: id:'482512147658702848'
08/18/23 22:44:38 | <add>: id:'482512147658702848' diff:'['Mid']' raid:'['PerimeterBreach']' maps:'['LostCoast', 'Terminal45']' factions:'['Lunatics', 'FireStarters', 'Nomads', 'DawnsChildren', 'Scavengers', 'Steppenwolfs']'
08/18/23 22:45:17 | <add>: id:'482512147658702848' diff:'['Hard']' raid:'['PerimeterBreach']' maps:'['LostCoast', 'Terminal45']' factions:'['Lunatics', 'FireStarters', 'Nomads', 'DawnsChildren', 'Scavengers', 'Steppenwolfs']'
08/18/23 22:45:43 | <add>: id:'482512147658702848' diff:'['Mid']' raid:'['FrontierDefense']' maps:'['Bridge', 'ChemicalPlant', 'ShipGraveyard', 'Fortress', 'Crater', 'RockCity']' factions:'['Lunatics', 'FireStarters', 'Nomads', 'DawnsChildren', 'Scavengers', 'Steppenwolfs']'
08/18/23 22:46:07 | <add>: id:'482512147658702848' diff:'['Hard']' raid:'['FrontierDefense']' maps:'['Bridge', 'ChemicalPlant', 'Crater', 'Fortress', 'ShipGraveyard', 'RockCity']' factions:'['Lunatics', 'FireStarters', 'Nomads', 'DawnsChildren', 'Scavengers', 'Steppenwolfs']'
08/18/23 22:46:33 | <add>: id:'482512147658702848' diff:'['Mid']' raid:'['SteelCradle']' maps:'['ChemicalPlant', 'Factory', 'WrathOfKhan', 'ShipGraveyard']' factions:'['Lunatics', 'FireStarters', 'Nomads', 'DawnsChildren', 'Scavengers', 'Steppenwolfs']'
08/18/23 22:47:29 | <add>: id:'482512147658702848' diff:'['Mid']' raid:'['TheLastConvoy']' maps:'['CursedMines', 'DeadHighway', 'EasternArray']' factions:'['Lunatics', 'FireStarters', 'Nomads', 'DawnsChildren', 'Scavengers', 'Steppenwolfs']'
08/18/23 22:47:59 | <add>: id:'482512147658702848' diff:'['Mid']' raid:'['TheWarForFire']' maps:'['Bridge', 'Powerplant', 'OldTown', 'ChemicalPlant', 'WrathOfKhan', 'ShipGraveyard', 'FoundersCanyon', 'RockCity']' factions:'['Lunatics', 'FireStarters', 'Nomads', 'DawnsChildren', 'Scavengers', 'Steppenwolfs']'
08/18/23 22:48:25 | <show>: id:'603536884760838144'
08/18/23 22:48:29 | <add>: id:'482512147658702848' diff:'['Mid']' raid:'['HitAndRun']' maps:'['CursedMines', 'DeadHighway', 'EasternArray']' factions:'['Lunatics', 'FireStarters', 'Nomads', 'DawnsChildren', 'Scavengers', 'Steppenwolfs']'
08/18/23 22:51:05 | <add>: id:'482512147658702848' diff:'['Mid']' raid:'['DataTheft']' maps:'['Bridge', 'Powerplant', 'OldTown', 'ChemicalPlant', 'WrathOfKhan', 'ShipGraveyard', 'FoundersCanyon', 'RockCity']' factions:'['Lunatics', 'FireStarters', 'Nomads', 'DawnsChildren', 'Scavengers', 'Steppenwolfs']'
08/18/23 22:51:36 | <add>: id:'482512147658702848' diff:'['Mid']' raid:'['GoneInTwoMinutes']' maps:'['CursedMines', 'DeadHighway', 'EasternArray']' factions:'['Lunatics', 'FireStarters', 'Nomads', 'DawnsChildren', 'Scavengers', 'Steppenwolfs']'
08/18/23 22:51:55 | <add>: id:'482512147658702848' diff:'['Hard']' raid:'['TheLastConvoy']' maps:'['CursedMines', 'DeadHighway', 'EasternArray']' factions:'['Lunatics', 'FireStarters', 'Nomads', 'DawnsChildren', 'Scavengers', 'Steppenwolfs']'
08/18/23 22:52:33 | <add>: id:'482512147658702848' diff:'['Hard']' raid:'['SteelCradle']' maps:'['ChemicalPlant', 'Factory', 'WrathOfKhan', 'ShipGraveyard']' factions:'['Lunatics', 'FireStarters', 'Nomads', 'DawnsChildren', 'Scavengers', 'Steppenwolfs']'
08/18/23 22:52:59 | <add>: id:'482512147658702848' diff:'['Hard']' raid:'['PerimeterBreach']' maps:'['LostCoast', 'Terminal45']' factions:'['Lunatics', 'FireStarters', 'Nomads', 'DawnsChildren', 'Scavengers', 'Steppenwolfs']'
08/18/23 22:53:23 | <add>: id:'482512147658702848' diff:'['Hard']' raid:'['PerimeterBreach']' maps:'['LostCoast', 'Terminal45']' factions:'['Lunatics', 'FireStarters', 'Nomads', 'DawnsChildren', 'Scavengers', 'Steppenwolfs']'
08/18/23 22:53:45 | <add>: id:'482512147658702848' diff:'['Hard']' raid:'['TheWarForFire']' maps:'['Bridge', 'Powerplant', 'OldTown', 'ChemicalPlant', 'WrathOfKhan', 'ShipGraveyard', 'FoundersCanyon', 'RockCity']' factions:'['Lunatics', 'FireStarters', 'Nomads', 'DawnsChildren', 'Scavengers', 'Steppenwolfs']'
08/18/23 22:54:00 | <add>: id:'482512147658702848' diff:'['Hard']' raid:'['HitAndRun']' maps:'['CursedMines', 'DeadHighway', 'EasternArray']' factions:'['Lunatics', 'FireStarters', 'Nomads', 'DawnsChildren', 'Scavengers', 'Steppenwolfs']'
08/18/23 22:54:26 | <add>: id:'482512147658702848' diff:'['Hard']' raid:'['GoneInTwoMinutes']' maps:'['CursedMines', 'DeadHighway', 'EasternArray']' factions:'['Lunatics', 'FireStarters', 'Nomads', 'DawnsChildren', 'Scavengers', 'Steppenwolfs']'
08/18/23 22:56:38 | <add>: id:'809085082433880165' diff:'['Hard']' raid:'['FrontierDefense']' maps:'['RockCity']' factions:'['Lunatics']'
08/18/23 22:56:53 | <delete>: choice:'['15']'
08/18/23 22:57:07 | <delete>: choice:'['72', '73', '71', '70', '69', '68', '67', '66', '65', '64', '63', '62', '61', '58', '57']'
08/18/23 22:57:58 | <delete>: choice:'['60', '59']'
08/18/23 22:58:29 | <add>: id:'482512147658702848' diff:'['Mid']' raid:'['FrontierDefense']' maps:'['Bridge', 'ChemicalPlant', 'Crater', 'ShipGraveyard', 'RockCity']' factions:'['Lunatics', 'FireStarters', 'Nomads', 'DawnsChildren', 'Scavengers', 'Steppenwolfs']'
08/18/23 22:58:56 | <add>: id:'482512147658702848' diff:'['Hard']' raid:'['FrontierDefense']' maps:'['Bridge', 'ChemicalPlant', 'Crater', 'ShipGraveyard', 'RockCity']' factions:'['Lunatics', 'FireStarters', 'Nomads', 'DawnsChildren', 'Scavengers', 'Steppenwolfs']'
08/19/23 01:01:06 | <delete>: choice:'['76', '75']'
08/19/23 09:29:56 | <add>: id:'762752544648593421' diff:'['Mid']' raid:'['FrontierDefense']' maps:'['Crater']' factions:'['Steppenwolfs', 'Scavengers', 'Nomads', 'Lunatics']'
08/19/23 09:32:56 | <add>: id:'762752544648593421' diff:'['Hard']' raid:'['FrontierDefense']' maps:'['Crater']' factions:'['Steppenwolfs', 'Nomads', 'Scavengers']'
08/19/23 11:29:06 | <add>: id:'513371522006515744' diff:'['Hard']' raid:'['FrontierDefense']' maps:'['Bridge', 'ChemicalPlant', 'Crater', 'Fortress', 'ShipGraveyard', 'RockCity']' factions:'['Lunatics', 'FireStarters', 'Nomads', 'DawnsChildren', 'Scavengers', 'Steppenwolfs']'
08/19/23 11:31:03 | <delete>: choice:'['79']'
08/21/23 09:25:41 | <choose_channel>: guild_id:'736979828569538581' channel_id:'1143068276398751814'
08/21/23 09:34:39 | <delete>: choice:'['78', '77']'
08/23/23 11:03:21 | <show>: id:'603536884760838144'
08/23/23 11:03:47 | <add>: id:'603536884760838144' diff:'['Hard']' raid:'['FrontierDefense']' maps:'['Crater']' factions:'['Lunatics', 'FireStarters', 'Nomads', 'DawnsChildren', 'Scavengers', 'Steppenwolfs']'
08/23/23 11:03:52 | <show>: id:'603536884760838144'
08/26/23 09:34:33 | <delete_channel>: guild_id:'736979828569538581'
08/26/23 09:34:48 | <choose_channel>: guild_id:'736979828569538581' channel_id:'1143068276398751814'
08/26/23 11:36:59 | <show>: id:'603536884760838144'
08/29/23 19:32:04 | <add>: id:'1067896083855986861' diff:'['Mid']' raid:'['FrontierDefense']' maps:'['Bridge', 'ChemicalPlant', 'ShipGraveyard', 'RockCity']' factions:'['Steppenwolfs', 'Scavengers', 'DawnsChildren', 'Nomads', 'FireStarters']'
09/01/23 08:31:20 | <delete>: choice:'['47']'
