08/18/23 12:18:25 | <INSERT>: into 'requests' values ('593138673248108575','Hard','FrontierDefense','Crater$ShipGraveyard$Fortress$ChemicalPlant$Bridge','Lunatics$FireStarters$Nomads$DawnsChildren')
08/18/23 12:18:25 | <INSERT>: into 'users' values ('593138673248108575'
08/18/23 12:18:56 | <INSERT>: into 'requests' values ('593138673248108575','Hard','FrontierDefense','RockCity$ShipGraveyard$Fortress$Crater$ChemicalPlant$Bridge','Lunatics$FireStarters$Nomads$DawnsChildren$Scavengers$Steppenwolfs')
08/18/23 12:19:23 | <INSERT>: into 'requests' values ('593138673248108575','Mid','FrontierDefense','Bridge$ChemicalPlant$Crater$Fortress$ShipGraveyard$RockCity','Steppenwolfs$Scavengers$DawnsChildren$Nomads$FireStarters$Lunatics')
08/18/23 12:22:07 | <DELETE>: from 'requests' where 'id'=43
08/18/23 14:10:29 | <INSERT>: into 'requests' values ('1067896083855986861','Mid','PerimeterBreach','LostCoast','Steppenwolfs$DawnsChildren$Scavengers$FireStarters$Nomads')
08/18/23 14:10:29 | <INSERT>: into 'users' values ('1067896083855986861'
08/18/23 21:12:43 | <INSERT>: into 'requests' values ('150681331221659648','Easy','SteelCradle','Factory$WrathOfKhan$ShipGraveyard$ChemicalPlant','Scavengers$Nomads$Lunatics')
08/18/23 21:12:43 | <INSERT>: into 'users' values ('150681331221659648'
08/18/23 21:15:50 | <INSERT>: into 'requests' values ('150681331221659648','Mid','SteelCradle','Factory$ChemicalPlant$WrathOfKhan$ShipGraveyard','Scavengers$DawnsChildren$Nomads$Lunatics$FireStarters')
08/18/23 21:16:23 | <INSERT>: into 'requests' values ('150681331221659648','Hard','SteelCradle','ShipGraveyard$WrathOfKhan$Factory$ChemicalPlant','Scavengers$DawnsChildren$Nomads$FireStarters$Lunatics')
08/18/23 22:33:17 | <INSERT>: into 'servers' values ('1129037917294186547','1142176161317802184')
08/18/23 22:43:05 | <INSERT>: into 'servers' values ('1129037917294186547','1142176161317802184')
08/18/23 22:44:38 | <INSERT>: into 'requests' values ('482512147658702848','Mid','PerimeterBreach','LostCoast$Terminal45','Lunatics$FireStarters$Nomads$DawnsChildren$Scavengers$Steppenwolfs')
08/18/23 22:44:38 | <INSERT>: into 'users' values ('482512147658702848'
08/18/23 22:45:17 | <INSERT>: into 'requests' values ('482512147658702848','Hard','PerimeterBreach','LostCoast$Terminal45','Lunatics$FireStarters$Nomads$DawnsChildren$Scavengers$Steppenwolfs')
08/18/23 22:45:43 | <INSERT>: into 'requests' values ('482512147658702848','Mid','FrontierDefense','Bridge$ChemicalPlant$ShipGraveyard$Fortress$Crater$RockCity','Lunatics$FireStarters$Nomads$DawnsChildren$Scavengers$Steppenwolfs')
08/18/23 22:46:07 | <INSERT>: into 'requests' values ('482512147658702848','Hard','FrontierDefense','Bridge$ChemicalPlant$Crater$Fortress$ShipGraveyard$RockCity','Lunatics$FireStarters$Nomads$DawnsChildren$Scavengers$Steppenwolfs')
08/18/23 22:46:33 | <INSERT>: into 'requests' values ('482512147658702848','Mid','SteelCradle','ChemicalPlant$Factory$WrathOfKhan$ShipGraveyard','Lunatics$FireStarters$Nomads$DawnsChildren$Scavengers$Steppenwolfs')
08/18/23 22:47:29 | <INSERT>: into 'requests' values ('482512147658702848','Mid','TheLastConvoy','CursedMines$DeadHighway$EasternArray','Lunatics$FireStarters$Nomads$DawnsChildren$Scavengers$Steppenwolfs')
08/18/23 22:47:59 | <INSERT>: into 'requests' values ('482512147658702848','Mid','TheWarForFire','Bridge$Powerplant$OldTown$ChemicalPlant$WrathOfKhan$ShipGraveyard$FoundersCanyon$RockCity','Lunatics$FireStarters$Nomads$DawnsChildren$Scavengers$Steppenwolfs')
08/18/23 22:48:29 | <INSERT>: into 'requests' values ('482512147658702848','Mid','HitAndRun','CursedMines$DeadHighway$EasternArray','Lunatics$FireStarters$Nomads$DawnsChildren$Scavengers$Steppenwolfs')
08/18/23 22:51:05 | <INSERT>: into 'requests' values ('482512147658702848','Mid','DataTheft','Bridge$Powerplant$OldTown$ChemicalPlant$WrathOfKhan$ShipGraveyard$FoundersCanyon$RockCity','Lunatics$FireStarters$Nomads$DawnsChildren$Scavengers$Steppenwolfs')
08/18/23 22:51:36 | <INSERT>: into 'requests' values ('482512147658702848','Mid','GoneInTwoMinutes','CursedMines$DeadHighway$EasternArray','Lunatics$FireStarters$Nomads$DawnsChildren$Scavengers$Steppenwolfs')
08/18/23 22:51:55 | <INSERT>: into 'requests' values ('482512147658702848','Hard','TheLastConvoy','CursedMines$DeadHighway$EasternArray','Lunatics$FireStarters$Nomads$DawnsChildren$Scavengers$Steppenwolfs')
08/18/23 22:52:33 | <INSERT>: into 'requests' values ('482512147658702848','Hard','SteelCradle','ChemicalPlant$Factory$WrathOfKhan$ShipGraveyard','Lunatics$FireStarters$Nomads$DawnsChildren$Scavengers$Steppenwolfs')
08/18/23 22:52:59 | <INSERT>: into 'requests' values ('482512147658702848','Hard','PerimeterBreach','LostCoast$Terminal45','Lunatics$FireStarters$Nomads$DawnsChildren$Scavengers$Steppenwolfs')
08/18/23 22:53:23 | <INSERT>: into 'requests' values ('482512147658702848','Hard','PerimeterBreach','LostCoast$Terminal45','Lunatics$FireStarters$Nomads$DawnsChildren$Scavengers$Steppenwolfs')
08/18/23 22:53:45 | <INSERT>: into 'requests' values ('482512147658702848','Hard','TheWarForFire','Bridge$Powerplant$OldTown$ChemicalPlant$WrathOfKhan$ShipGraveyard$FoundersCanyon$RockCity','Lunatics$FireStarters$Nomads$DawnsChildren$Scavengers$Steppenwolfs')
08/18/23 22:54:00 | <INSERT>: into 'requests' values ('482512147658702848','Hard','HitAndRun','CursedMines$DeadHighway$EasternArray','Lunatics$FireStarters$Nomads$DawnsChildren$Scavengers$Steppenwolfs')
08/18/23 22:54:26 | <INSERT>: into 'requests' values ('482512147658702848','Hard','GoneInTwoMinutes','CursedMines$DeadHighway$EasternArray','Lunatics$FireStarters$Nomads$DawnsChildren$Scavengers$Steppenwolfs')
08/18/23 22:56:38 | <INSERT>: into 'requests' values ('809085082433880165','Hard','FrontierDefense','RockCity','Lunatics')
08/18/23 22:56:38 | <INSERT>: into 'users' values ('809085082433880165'
08/18/23 22:56:53 | <DELETE>: from 'requests' where 'id'=15
08/18/23 22:57:07 | <DELETE>: from 'requests' where 'id'=72
08/18/23 22:57:07 | <DELETE>: from 'requests' where 'id'=73
08/18/23 22:57:07 | <DELETE>: from 'requests' where 'id'=71
08/18/23 22:57:07 | <DELETE>: from 'requests' where 'id'=70
08/18/23 22:57:07 | <DELETE>: from 'requests' where 'id'=69
08/18/23 22:57:07 | <DELETE>: from 'requests' where 'id'=68
08/18/23 22:57:07 | <DELETE>: from 'requests' where 'id'=67
08/18/23 22:57:07 | <DELETE>: from 'requests' where 'id'=66
08/18/23 22:57:07 | <DELETE>: from 'requests' where 'id'=65
08/18/23 22:57:07 | <DELETE>: from 'requests' where 'id'=64
08/18/23 22:57:07 | <DELETE>: from 'requests' where 'id'=63
08/18/23 22:57:07 | <DELETE>: from 'requests' where 'id'=62
08/18/23 22:57:07 | <DELETE>: from 'requests' where 'id'=61
08/18/23 22:57:07 | <DELETE>: from 'requests' where 'id'=58
08/18/23 22:57:07 | <DELETE>: from 'requests' where 'id'=57
08/18/23 22:57:58 | <DELETE>: from 'requests' where 'id'=60
08/18/23 22:57:58 | <DELETE>: from 'requests' where 'id'=59
08/18/23 22:58:29 | <INSERT>: into 'requests' values ('482512147658702848','Mid','FrontierDefense','Bridge$ChemicalPlant$Crater$ShipGraveyard$RockCity','Lunatics$FireStarters$Nomads$DawnsChildren$Scavengers$Steppenwolfs')
08/18/23 22:58:56 | <INSERT>: into 'requests' values ('482512147658702848','Hard','FrontierDefense','Bridge$ChemicalPlant$Crater$ShipGraveyard$RockCity','Lunatics$FireStarters$Nomads$DawnsChildren$Scavengers$Steppenwolfs')
08/19/23 01:01:06 | <DELETE>: from 'requests' where 'id'=76
08/19/23 01:01:07 | <DELETE>: from 'requests' where 'id'=75
08/19/23 09:29:56 | <INSERT>: into 'requests' values ('762752544648593421','Mid','FrontierDefense','Crater','Steppenwolfs$Scavengers$Nomads$Lunatics')
08/19/23 09:29:56 | <INSERT>: into 'users' values ('762752544648593421'
08/19/23 09:32:56 | <INSERT>: into 'requests' values ('762752544648593421','Hard','FrontierDefense','Crater','Steppenwolfs$Nomads$Scavengers')
08/19/23 11:29:06 | <INSERT>: into 'requests' values ('513371522006515744','Hard','FrontierDefense','Bridge$ChemicalPlant$Crater$Fortress$ShipGraveyard$RockCity','Lunatics$FireStarters$Nomads$DawnsChildren$Scavengers$Steppenwolfs')
08/19/23 11:29:06 | <INSERT>: into 'users' values ('513371522006515744'
08/19/23 11:31:03 | <DELETE>: from 'requests' where 'id'=79
08/21/23 09:25:40 | <INSERT>: into 'servers' values ('736979828569538581','1143068276398751814')
08/21/23 09:34:39 | <DELETE>: from 'requests' where 'id'=78
08/21/23 09:34:39 | <DELETE>: from 'requests' where 'id'=77
08/23/23 11:03:47 | <INSERT>: into 'requests' values ('603536884760838144','Hard','FrontierDefense','Crater','Lunatics$FireStarters$Nomads$DawnsChildren$Scavengers$Steppenwolfs')
08/26/23 09:34:32 | <DELETE>: from 'servers' where 'id'=736979828569538581
08/26/23 09:34:47 | <INSERT>: into 'servers' values ('736979828569538581','1143068276398751814')
08/29/23 19:32:04 | <INSERT>: into 'requests' values ('1067896083855986861','Mid','FrontierDefense','Bridge$ChemicalPlant$ShipGraveyard$RockCity','Steppenwolfs$Scavengers$DawnsChildren$Nomads$FireStarters')
09/01/23 08:31:20 | <DELETE>: from 'requests' where 'id'=47
